<?xml version="1.0" encoding="UTF-8"?>
<testng-results ignored="0" total="3" passed="3" failed="0" skipped="0">
  <reporter-output>
  </reporter-output>
  <suite started-at="2023-06-02T15:22:02 IST" name="Default Suite" finished-at="2023-06-02T15:22:02 IST" duration-ms="15">
    <groups>
    </groups>
    <test started-at="2023-06-02T15:22:02 IST" name="LumaAutomation" finished-at="2023-06-02T15:22:02 IST" duration-ms="15">
      <class name="FirstTestCase">
        <test-method is-config="true" signature="setUp()[pri:0, instance:FirstTestCase@146044d7]" started-at="2023-06-02T15:22:02 IST" name="setUp" finished-at="2023-06-02T15:22:02 IST" duration-ms="4" status="PASS">
          <reporter-output>
          </reporter-output>
        </test-method> <!-- setUp -->
        <test-method is-config="true" signature="login()[pri:0, instance:FirstTestCase@146044d7]" started-at="2023-06-02T15:22:02 IST" name="login" finished-at="2023-06-02T15:22:02 IST" duration-ms="1" status="PASS">
          <reporter-output>
          </reporter-output>
        </test-method> <!-- login -->
        <test-method is-config="true" signature="launchBrowser()[pri:0, instance:FirstTestCase@146044d7]" started-at="2023-06-02T15:22:02 IST" name="launchBrowser" finished-at="2023-06-02T15:22:02 IST" duration-ms="0" status="PASS">
          <reporter-output>
          </reporter-output>
        </test-method> <!-- launchBrowser -->
        <test-method signature="sample()[pri:1, instance:FirstTestCase@146044d7]" started-at="2023-06-02T15:22:02 IST" name="sample" finished-at="2023-06-02T15:22:02 IST" duration-ms="1" status="PASS">
          <reporter-output>
          </reporter-output>
        </test-method> <!-- sample -->
        <test-method is-config="true" signature="enterURL()[pri:0, instance:FirstTestCase@146044d7]" started-at="2023-06-02T15:22:02 IST" name="enterURL" finished-at="2023-06-02T15:22:02 IST" duration-ms="0" status="PASS">
          <reporter-output>
          </reporter-output>
        </test-method> <!-- enterURL -->
        <test-method is-config="true" signature="logout()[pri:0, instance:FirstTestCase@146044d7]" started-at="2023-06-02T15:22:02 IST" name="logout" finished-at="2023-06-02T15:22:02 IST" duration-ms="0" status="PASS">
          <reporter-output>
          </reporter-output>
        </test-method> <!-- logout -->
        <test-method is-config="true" signature="enterURL()[pri:0, instance:FirstTestCase@146044d7]" started-at="2023-06-02T15:22:02 IST" name="enterURL" finished-at="2023-06-02T15:22:02 IST" duration-ms="1" status="PASS">
          <reporter-output>
          </reporter-output>
        </test-method> <!-- enterURL -->
        <test-method signature="testing()[pri:2, instance:FirstTestCase@146044d7]" started-at="2023-06-02T15:22:02 IST" name="testing" finished-at="2023-06-02T15:22:02 IST" duration-ms="0" status="PASS">
          <reporter-output>
          </reporter-output>
        </test-method> <!-- testing -->
        <test-method is-config="true" signature="enterURL()[pri:0, instance:FirstTestCase@146044d7]" started-at="2023-06-02T15:22:02 IST" name="enterURL" finished-at="2023-06-02T15:22:02 IST" duration-ms="1" status="PASS">
          <reporter-output>
          </reporter-output>
        </test-method> <!-- enterURL -->
        <test-method is-config="true" signature="logout()[pri:0, instance:FirstTestCase@146044d7]" started-at="2023-06-02T15:22:02 IST" name="logout" finished-at="2023-06-02T15:22:02 IST" duration-ms="0" status="PASS">
          <reporter-output>
          </reporter-output>
        </test-method> <!-- logout -->
        <test-method signature="teardown()[pri:3, instance:FirstTestCase@146044d7]" started-at="2023-06-02T15:22:02 IST" name="teardown" finished-at="2023-06-02T15:22:02 IST" duration-ms="0" status="PASS">
          <reporter-output>
          </reporter-output>
        </test-method> <!-- teardown -->
        <test-method is-config="true" signature="logout()[pri:0, instance:FirstTestCase@146044d7]" started-at="2023-06-02T15:22:02 IST" name="logout" finished-at="2023-06-02T15:22:02 IST" duration-ms="0" status="PASS">
          <reporter-output>
          </reporter-output>
        </test-method> <!-- logout -->
        <test-method is-config="true" signature="deleteAllCookies()[pri:0, instance:FirstTestCase@146044d7]" started-at="2023-06-02T15:22:02 IST" name="deleteAllCookies" finished-at="2023-06-02T15:22:02 IST" duration-ms="0" status="PASS">
          <reporter-output>
          </reporter-output>
        </test-method> <!-- deleteAllCookies -->
        <test-method is-config="true" signature="closeBrowser()[pri:0, instance:FirstTestCase@146044d7]" started-at="2023-06-02T15:22:02 IST" name="closeBrowser" finished-at="2023-06-02T15:22:02 IST" duration-ms="0" status="PASS">
          <reporter-output>
          </reporter-output>
        </test-method> <!-- closeBrowser -->
        <test-method is-config="true" signature="generateTestReport()[pri:0, instance:FirstTestCase@146044d7]" started-at="2023-06-02T15:22:02 IST" name="generateTestReport" finished-at="2023-06-02T15:22:02 IST" duration-ms="1" status="PASS">
          <reporter-output>
          </reporter-output>
        </test-method> <!-- generateTestReport -->
      </class> <!-- FirstTestCase -->
    </test> <!-- LumaAutomation -->
  </suite> <!-- Default Suite -->
</testng-results>
